<?xml version="1.0" encoding="UTF-8"?>
<!-- Generated by org.testng.reporters.JUnitReportReporter -->
<testsuite hostname="DESKTOP-Q4ERL38" failures="0" tests="1" name="testNGprograms.TC04LogOutFunctionality" time="4.851" errors="0" timestamp="2022-04-18T04:58:52 IST" skipped="0">
  <testcase classname="testNGprograms.TC04LogOutFunctionality" name="LogOutFunctionality" time="4.851"/>
  <system-out/>
</testsuite> <!-- testNGprograms.TC04LogOutFunctionality -->
