<?xml version="1.0" encoding="UTF-8"?>
<!-- Generated by org.testng.reporters.JUnitReportReporter -->
<testsuite hostname="DESKTOP-Q4ERL38" failures="0" tests="12" name="com.practisePackage.TestNGKeywords" time="3.068" errors="1" timestamp="2022-06-21T11:50:13 IST" skipped="2">
  <testcase classname="com.practisePackage.TestNGKeywords" name="Test9" time="0.000">
    <skipped/>
  </testcase> <!-- Test9 -->
  <system-out/>
  <testcase classname="com.practisePackage.TestNGKeywords" name="Test8" time="0.002"/>
  <system-out/>
  <testcase classname="com.practisePackage.TestNGKeywords" name="Test1" time="0.001"/>
  <system-out/>
  <testcase classname="com.practisePackage.TestNGKeywords" name="Test10" time="3.044">
    <error message="Method com.practisePackage.TestNGKeywords.Test10() didn&#039;t finish within the time-out 3000" type="org.testng.internal.thread.ThreadTimeoutException">
      <![CDATA[org.testng.internal.thread.ThreadTimeoutException: Method com.practisePackage.TestNGKeywords.Test10() didn't finish within the time-out 3000
at org.testng.internal.MethodInvocationHelper.invokeWithTimeoutWithNoExecutor(MethodInvocationHelper.java:348)
at org.testng.internal.MethodInvocationHelper.invokeWithTimeout(MethodInvocationHelper.java:281)
at org.testng.internal.TestInvoker.invokeMethod(TestInvoker.java:604)
at org.testng.internal.TestInvoker.invokeTestMethod(TestInvoker.java:173)
at org.testng.internal.MethodRunner.runInSequence(MethodRunner.java:46)
at org.testng.internal.TestInvoker$MethodInvocationAgent.invoke(TestInvoker.java:824)
at org.testng.internal.TestInvoker.invokeTestMethods(TestInvoker.java:146)
at org.testng.internal.TestMethodWorker.invokeTestMethods(TestMethodWorker.java:146)
at org.testng.internal.TestMethodWorker.run(TestMethodWorker.java:128)
at java.base/java.util.concurrent.ThreadPoolExecutor.runWorker(ThreadPoolExecutor.java:1136)
at java.base/java.util.concurrent.ThreadPoolExecutor$Worker.run(ThreadPoolExecutor.java:635)
at java.base/java.lang.Thread.run(Thread.java:833)
]]>
    </error>
  </testcase> <!-- Test10 -->
  <system-out/>
  <testcase classname="com.practisePackage.TestNGKeywords" name="Test7" time="0.001"/>
  <system-out/>
  <testcase classname="com.practisePackage.TestNGKeywords" name="Test6" time="0.002"/>
  <system-out/>
  <testcase classname="com.practisePackage.TestNGKeywords" name="Test1" time="0.012"/>
  <system-out/>
  <testcase classname="com.practisePackage.TestNGKeywords" name="Test5" time="0.001"/>
  <system-out/>
  <testcase classname="com.practisePackage.TestNGKeywords" name="Test2" time="0.001"/>
  <system-out/>
  <testcase classname="com.practisePackage.TestNGKeywords" name="Test4" time="0.002"/>
  <system-out/>
  <testcase classname="com.practisePackage.TestNGKeywords" name="Test4" time="0.002"/>
  <system-out/>
  <testcase classname="com.practisePackage.TestNGKeywords" name="Test3">
    <skipped/>
  </testcase> <!-- Test3 -->
  <system-out/>
</testsuite> <!-- com.practisePackage.TestNGKeywords -->
