<?xml version="1.0" encoding="UTF-8"?>
<!-- Generated by org.testng.reporters.JUnitReportReporter -->
<testsuite hostname="DESKTOP-Q4ERL38" failures="0" tests="1" name="testNGprograms.TC01LoginFunctionality" time="3.432" errors="0" timestamp="2022-04-18T04:59:42 IST" skipped="0">
  <testcase classname="testNGprograms.TC01LoginFunctionality" name="LoginFunctionality" time="3.432"/>
  <system-out/>
</testsuite> <!-- testNGprograms.TC01LoginFunctionality -->
