<?xml version="1.0" encoding="UTF-8"?>
<!-- Generated by org.testng.reporters.JUnitReportReporter -->
<testsuite hostname="DESKTOP-Q4ERL38" failures="0" tests="1" name="testNGprograms.Test1" time="0.011" errors="0" timestamp="2022-04-18T04:16:27 IST" skipped="0">
  <testcase classname="testNGprograms.Test1" name="method1" time="0.011"/>
  <system-out/>
</testsuite> <!-- testNGprograms.Test1 -->
